<?xml version="1.0" encoding="UTF-8"?>
<testng-results ignored="0" total="1" passed="1" failed="0" skipped="0">
  <reporter-output>
  </reporter-output>
  <suite started-at="2023-10-11T07:49:03Z" name="Default suite" finished-at="2023-10-11T07:49:25Z" duration-ms="21296">
    <groups>
    </groups>
    <test started-at="2023-10-11T07:49:03Z" name="Default test" finished-at="2023-10-11T07:49:25Z" duration-ms="21296">
      <class name="SomeAutomationScripts.WindowHandle">
        <test-method signature="windowHandle()[pri:0, instance:SomeAutomationScripts.WindowHandle@14f9390f]" started-at="2023-10-11T07:49:03Z" name="windowHandle" finished-at="2023-10-11T07:49:25Z" duration-ms="21239" status="PASS">
          <reporter-output>
          </reporter-output>
        </test-method> <!-- windowHandle -->
      </class> <!-- SomeAutomationScripts.WindowHandle -->
    </test> <!-- Default test -->
  </suite> <!-- Default suite -->
</testng-results>
