<?xml version="1.0" encoding="UTF-8"?>
<testng-results ignored="0" total="1" passed="1" failed="0" skipped="0">
  <reporter-output>
  </reporter-output>
  <suite started-at="2023-10-10T11:04:57Z" name="Default suite" finished-at="2023-10-10T11:07:01Z" duration-ms="123314">
    <groups>
    </groups>
    <test started-at="2023-10-10T11:04:57Z" name="Default test" finished-at="2023-10-10T11:07:01Z" duration-ms="123314">
      <class name="ProductCount">
        <test-method signature="countTotalProduct()[pri:0, instance:ProductCount@68d279ec]" started-at="2023-10-10T11:04:57Z" name="countTotalProduct" finished-at="2023-10-10T11:07:01Z" duration-ms="123239" status="PASS">
          <reporter-output>
          </reporter-output>
        </test-method> <!-- countTotalProduct -->
      </class> <!-- ProductCount -->
    </test> <!-- Default test -->
  </suite> <!-- Default suite -->
</testng-results>
